TN:
SF:src/server.ts
FN:15,(anonymous_1)
FNF:1
FNH:1
FNDA:4,(anonymous_1)
DA:1,4
DA:3,4
DA:5,4
DA:7,4
DA:8,4
DA:13,4
DA:16,4
LF:7
LH:7
BRF:0
BRH:0
end_of_record
TN:
SF:src/lib/prisma.ts
FNF:0
FNH:0
DA:1,4
DA:3,4
LF:2
LH:2
BRF:0
BRH:0
end_of_record
TN:
SF:src/routes/quests.ts
FN:6,questsRoutes
FN:9,(anonymous_1)
FN:22,(anonymous_2)
FN:39,(anonymous_3)
FN:72,(anonymous_4)
FN:101,(anonymous_5)
FNF:6
FNH:6
FNDA:4,questsRoutes
FNDA:1,(anonymous_1)
FNDA:2,(anonymous_2)
FNDA:14,(anonymous_3)
FNDA:14,(anonymous_4)
FNDA:2,(anonymous_5)
DA:2,4
DA:3,4
DA:6,4
DA:9,4
DA:11,1
DA:16,1
DA:17,1
DA:22,4
DA:23,2
DA:27,2
DA:29,2
DA:34,1
DA:35,1
DA:39,4
DA:41,14
DA:49,14
DA:50,14
DA:52,2
DA:58,2
DA:59,1
DA:61,13
DA:62,12
DA:63,12
DA:67,1
DA:68,1
DA:72,4
DA:73,14
DA:77,14
DA:83,14
DA:84,14
DA:86,12
DA:96,1
DA:97,1
DA:101,4
DA:102,2
DA:106,2
DA:108,2
DA:113,1
DA:114,1
LF:39
LH:39
BRDA:61,0,0,12
BRF:1
BRH:1
end_of_record
